-------------------------------------------------------------------------------
Test set: com.maya.AppTest
-------------------------------------------------------------------------------
Tests run: 9, Failures: 1, Errors: 0, Skipped: 0, Time elapsed: 2.749 s <<< FAILURE! -- in com.maya.AppTest
com.maya.AppTest.testGetLatestSecurityPriceforPortfolio -- Time elapsed: 0.178 s <<< FAILURE!
org.opentest4j.AssertionFailedError: expected: <2025-08-17> but was: <2025-08-10>
	at org.junit.jupiter.api.AssertionFailureBuilder.build(AssertionFailureBuilder.java:151)
	at org.junit.jupiter.api.AssertionFailureBuilder.buildAndThrow(AssertionFailureBuilder.java:132)
	at org.junit.jupiter.api.AssertEquals.failNotEqual(AssertEquals.java:197)
	at org.junit.jupiter.api.AssertEquals.assertEquals(AssertEquals.java:182)
	at org.junit.jupiter.api.AssertEquals.assertEquals(AssertEquals.java:177)
	at org.junit.jupiter.api.Assertions.assertEquals(Assertions.java:1145)
	at com.maya.AppTest.testGetLatestSecurityPriceforPortfolio(AppTest.java:241)
	at java.base/java.lang.reflect.Method.invoke(Method.java:565)
	at java.base/java.util.ArrayList.forEach(ArrayList.java:1604)
	at java.base/java.util.ArrayList.forEach(ArrayList.java:1604)

