-------------------------------------------------------------------------------
Test set: com.maya.portfolio.TestPortfolio
-------------------------------------------------------------------------------
Tests run: 5, Failures: 3, Errors: 0, Skipped: 0, Time elapsed: 0.936 s <<< FAILURE! -- in com.maya.portfolio.TestPortfolio
com.maya.portfolio.TestPortfolio.testEmptyFundPriceForPortfolio -- Time elapsed: 0.671 s <<< FAILURE!
org.opentest4j.AssertionFailedError: Exception should not be thrown
	at org.junit.jupiter.api.AssertionUtils.fail(AssertionUtils.java:38)
	at org.junit.jupiter.api.Assertions.fail(Assertions.java:138)
	at com.maya.portfolio.TestPortfolio.testEmptyFundPriceForPortfolio(TestPortfolio.java:132)
	at java.base/java.lang.reflect.Method.invoke(Method.java:565)
	at java.base/java.util.ArrayList.forEach(ArrayList.java:1604)
	at java.base/java.util.ArrayList.forEach(ArrayList.java:1604)

com.maya.portfolio.TestPortfolio.testGetLatestSecurityPriceforPortfolio -- Time elapsed: 0.123 s <<< FAILURE!
org.opentest4j.AssertionFailedError: expected: <2025-08-21> but was: <2025-08-18>
	at org.junit.jupiter.api.AssertionFailureBuilder.build(AssertionFailureBuilder.java:151)
	at org.junit.jupiter.api.AssertionFailureBuilder.buildAndThrow(AssertionFailureBuilder.java:132)
	at org.junit.jupiter.api.AssertEquals.failNotEqual(AssertEquals.java:197)
	at org.junit.jupiter.api.AssertEquals.assertEquals(AssertEquals.java:182)
	at org.junit.jupiter.api.AssertEquals.assertEquals(AssertEquals.java:177)
	at org.junit.jupiter.api.Assertions.assertEquals(Assertions.java:1145)
	at com.maya.portfolio.TestPortfolio.testGetLatestSecurityPriceforPortfolio(TestPortfolio.java:76)
	at java.base/java.lang.reflect.Method.invoke(Method.java:565)
	at java.base/java.util.ArrayList.forEach(ArrayList.java:1604)
	at java.base/java.util.ArrayList.forEach(ArrayList.java:1604)

com.maya.portfolio.TestPortfolio.testGetLatestFundPriceforPortfolio -- Time elapsed: 0.032 s <<< FAILURE!
org.opentest4j.AssertionFailedError: expected: <2025-08-20> but was: <2025-08-18>
	at org.junit.jupiter.api.AssertionFailureBuilder.build(AssertionFailureBuilder.java:151)
	at org.junit.jupiter.api.AssertionFailureBuilder.buildAndThrow(AssertionFailureBuilder.java:132)
	at org.junit.jupiter.api.AssertEquals.failNotEqual(AssertEquals.java:197)
	at org.junit.jupiter.api.AssertEquals.assertEquals(AssertEquals.java:182)
	at org.junit.jupiter.api.AssertEquals.assertEquals(AssertEquals.java:177)
	at org.junit.jupiter.api.Assertions.assertEquals(Assertions.java:1145)
	at com.maya.portfolio.TestPortfolio.testGetLatestFundPriceforPortfolio(TestPortfolio.java:105)
	at java.base/java.lang.reflect.Method.invoke(Method.java:565)
	at java.base/java.util.ArrayList.forEach(ArrayList.java:1604)
	at java.base/java.util.ArrayList.forEach(ArrayList.java:1604)

